[   137.763] (WW) Failed to open protocol names file lib/xorg/protocol.txt
[   137.764] 
X.Org X Server 1.20.10
X Protocol Version 11, Revision 0
[   137.768] Build Operating System: Linux Arch Linux
[   137.769] Current Operating System: Linux arch 5.10.5-arch1-1 #1 SMP PREEMPT Thu, 07 Jan 2021 09:50:43 +0000 x86_64
[   137.769] Kernel command line: BOOT_IMAGE=/vmlinuz-linux root=UUID=27e6009a-19a6-46f2-af36-d482aa26ac2f rw rootflags=subvol=root cryptdevice=/dev/sda3:system:allow-discards acpi_backlight=vendor resume=/dev/mapper/swap ro
[   137.773] Build Date: 14 December 2020  12:10:29PM
[   137.774]  
[   137.776] Current version of pixman: 0.40.0
[   137.778] 	Before reporting problems, check http://wiki.x.org
	to make sure that you have the latest version.
[   137.778] Markers: (--) probed, (**) from config file, (==) default setting,
	(++) from command line, (!!) notice, (II) informational,
	(WW) warning, (EE) error, (NI) not implemented, (??) unknown.
[   137.783] (==) Log file: "/home/harshil/.local/share/xorg/Xorg.0.log", Time: Mon Jan 11 13:46:38 2021
[   138.108] (==) Using config directory: "/etc/X11/xorg.conf.d"
[   138.110] (==) Using system config directory "/usr/share/X11/xorg.conf.d"
[   138.110] (==) No Layout section.  Using the first Screen section.
[   138.110] (==) No screen section available. Using defaults.
[   138.110] (**) |-->Screen "Default Screen Section" (0)
[   138.110] (**) |   |-->Monitor "<default monitor>"
[   138.111] (==) No monitor specified for screen "Default Screen Section".
	Using a default monitor configuration.
[   138.111] (==) Automatically adding devices
[   138.111] (==) Automatically enabling devices
[   138.111] (==) Automatically adding GPU devices
[   138.111] (==) Automatically binding GPU devices
[   138.111] (==) Max clients allowed: 256, resource mask: 0x1fffff
[   138.111] (WW) The directory "/usr/share/fonts/misc" does not exist.
[   138.111] 	Entry deleted from font path.
[   138.111] (WW) The directory "/usr/share/fonts/TTF" does not exist.
[   138.111] 	Entry deleted from font path.
[   138.111] (WW) The directory "/usr/share/fonts/OTF" does not exist.
[   138.111] 	Entry deleted from font path.
[   138.111] (WW) The directory "/usr/share/fonts/Type1" does not exist.
[   138.111] 	Entry deleted from font path.
[   138.111] (WW) The directory "/usr/share/fonts/100dpi" does not exist.
[   138.111] 	Entry deleted from font path.
[   138.111] (WW) The directory "/usr/share/fonts/75dpi" does not exist.
[   138.111] 	Entry deleted from font path.
[   138.111] (==) FontPath set to:
	
[   138.111] (==) ModulePath set to "/usr/lib/xorg/modules"
[   138.111] (II) The server relies on udev to provide the list of input devices.
	If no devices become available, reconfigure udev or disable AutoAddDevices.
[   138.111] (II) Module ABI versions:
[   138.111] 	X.Org ANSI C Emulation: 0.4
[   138.111] 	X.Org Video Driver: 24.1
[   138.111] 	X.Org XInput driver : 24.1
[   138.111] 	X.Org Server Extension : 10.0
[   138.112] (++) using VT number 1

[   138.115] (II) systemd-logind: took control of session /org/freedesktop/login1/session/_31
[   138.116] (II) xfree86: Adding drm device (/dev/dri/card0)
[   138.117] (EE) systemd-logind: failed to take device /dev/dri/card0: Invalid argument
[   138.117] (II) xfree86: Adding drm device (/dev/dri/card1)
[   138.118] (II) systemd-logind: got fd for /dev/dri/card1 226:1 fd 10 paused 0
[   140.178] (--) PCI: (1@0:0:0) 10de:1f91:1043:109f rev 161, Mem @ 0xf6000000/16777216, 0xc0000000/268435456, 0xd0000000/33554432, I/O @ 0x0000f000/128, BIOS @ 0x????????/524288
[   140.178] (--) PCI:*(5@0:0:0) 1002:15d8:1043:18f1 rev 193, Mem @ 0xe0000000/268435456, 0xf0000000/2097152, 0xf7500000/524288, I/O @ 0x0000c000/256
[   140.178] (WW) Open ACPI failed (/var/run/acpid.socket) (No such file or directory)
[   140.178] (II) LoadModule: "glx"
[   140.224] (II) Loading /usr/lib/xorg/modules/extensions/libglx.so
[   140.361] (II) Module glx: vendor="X.Org Foundation"
[   140.361] 	compiled for 1.20.10, module version = 1.0.0
[   140.361] 	ABI class: X.Org Server Extension, version 10.0
[   140.361] (II) Applying OutputClass "AMDgpu" to /dev/dri/card1
[   140.361] 	loading driver: amdgpu
[   140.361] (==) Matched amdgpu as autoconfigured driver 0
[   140.361] (==) Matched ati as autoconfigured driver 1
[   140.361] (==) Matched modesetting as autoconfigured driver 2
[   140.361] (==) Matched fbdev as autoconfigured driver 3
[   140.361] (==) Matched vesa as autoconfigured driver 4
[   140.361] (==) Assigned the driver to the xf86ConfigLayout
[   140.361] (II) LoadModule: "amdgpu"
[   140.361] (II) Loading /usr/lib/xorg/modules/drivers/amdgpu_drv.so
[   140.755] (II) Module amdgpu: vendor="X.Org Foundation"
[   140.755] 	compiled for 1.20.8, module version = 19.1.0
[   140.755] 	Module class: X.Org Video Driver
[   140.755] 	ABI class: X.Org Video Driver, version 24.1
[   140.755] (II) LoadModule: "ati"
[   140.755] (WW) Warning, couldn't open module ati
[   140.755] (EE) Failed to load module "ati" (module does not exist, 0)
[   140.755] (II) LoadModule: "modesetting"
[   140.755] (II) Loading /usr/lib/xorg/modules/drivers/modesetting_drv.so
[   140.791] (II) Module modesetting: vendor="X.Org Foundation"
[   140.791] 	compiled for 1.20.10, module version = 1.20.10
[   140.791] 	Module class: X.Org Video Driver
[   140.791] 	ABI class: X.Org Video Driver, version 24.1
[   140.791] (II) LoadModule: "fbdev"
[   140.791] (WW) Warning, couldn't open module fbdev
[   140.791] (EE) Failed to load module "fbdev" (module does not exist, 0)
[   140.791] (II) LoadModule: "vesa"
[   140.791] (WW) Warning, couldn't open module vesa
[   140.791] (EE) Failed to load module "vesa" (module does not exist, 0)
[   140.791] (II) AMDGPU: Driver for AMD Radeon:
	All GPUs supported by the amdgpu kernel driver
[   140.791] (II) modesetting: Driver for Modesetting Kernel Drivers: kms
[   140.813] (WW) Falling back to old probe method for modesetting
[   140.813] (EE) open /dev/dri/card0: Invalid argument
[   140.813] (WW) VGA arbiter: cannot open kernel arbiter, no multi-card support
[   140.813] (II) AMDGPU(0): Creating default Display subsection in Screen section
	"Default Screen Section" for depth/fbbpp 24/32
[   140.813] (==) AMDGPU(0): Depth 24, (--) framebuffer bpp 32
[   140.813] (II) AMDGPU(0): Pixel depth = 24 bits stored in 4 bytes (32 bpp pixmaps)
[   140.813] (==) AMDGPU(0): Default visual is TrueColor
[   140.813] (==) AMDGPU(0): RGB weight 888
[   140.813] (II) AMDGPU(0): Using 8 bits per RGB (8 bit DAC)
[   140.813] (--) AMDGPU(0): Chipset: "AMD Radeon(TM) Vega 10 Graphics" (ChipID = 0x15d8)
[   140.813] (II) Loading sub module "fb"
[   140.813] (II) LoadModule: "fb"
[   140.813] (II) Loading /usr/lib/xorg/modules/libfb.so
[   140.817] (II) Module fb: vendor="X.Org Foundation"
[   140.817] 	compiled for 1.20.10, module version = 1.0.0
[   140.817] 	ABI class: X.Org ANSI C Emulation, version 0.4
[   140.817] (II) Loading sub module "dri2"
[   140.817] (II) LoadModule: "dri2"
[   140.817] (II) Module "dri2" already built-in
[   145.200] (II) Loading sub module "glamoregl"
[   145.200] (II) LoadModule: "glamoregl"
[   145.200] (II) Loading /usr/lib/xorg/modules/libglamoregl.so
[   145.399] (II) Module glamoregl: vendor="X.Org Foundation"
[   145.399] 	compiled for 1.20.10, module version = 1.0.1
[   145.399] 	ABI class: X.Org ANSI C Emulation, version 0.4
[   145.959] (II) AMDGPU(0): glamor X acceleration enabled on AMD Radeon(TM) Vega 10 Graphics (RAVEN, DRM 3.40.0, 5.10.5-arch1-1, LLVM 11.0.0)
[   145.959] (II) AMDGPU(0): glamor detected, initialising EGL layer.
[   145.959] (==) AMDGPU(0): TearFree property default: auto
[   145.959] (==) AMDGPU(0): VariableRefresh: disabled
[   145.959] (II) AMDGPU(0): KMS Pageflipping: enabled
[   145.959] (II) AMDGPU(0): Output eDP has no monitor section
[   145.972] (II) AMDGPU(0): EDID for output eDP
[   145.972] (II) AMDGPU(0): Manufacturer: NCP  Model: 2d  Serial#: 0
[   145.972] (II) AMDGPU(0): Year: 2018  Week: 1
[   145.972] (II) AMDGPU(0): EDID Version: 1.4
[   145.972] (II) AMDGPU(0): Digital Display Input
[   145.972] (II) AMDGPU(0): 6 bits per channel
[   145.972] (II) AMDGPU(0): Digital interface is DisplayPort
[   145.972] (II) AMDGPU(0): Max Image Size [cm]: horiz.: 34  vert.: 19
[   145.972] (II) AMDGPU(0): Gamma: 2.20
[   145.972] (II) AMDGPU(0): No DPMS capabilities specified
[   145.972] (II) AMDGPU(0): Supported color encodings: RGB 4:4:4 
[   145.972] (II) AMDGPU(0): First detailed timing is preferred mode
[   145.972] (II) AMDGPU(0): Preferred mode is native pixel format and refresh rate
[   145.972] (II) AMDGPU(0): Display is continuous-frequency
[   145.972] (II) AMDGPU(0): redX: 0.595 redY: 0.361   greenX: 0.346 greenY: 0.555
[   145.972] (II) AMDGPU(0): blueX: 0.157 blueY: 0.106   whiteX: 0.312 whiteY: 0.328
[   145.972] (II) AMDGPU(0): Manufacturer's mask: 0
[   145.972] (II) AMDGPU(0): Supported detailed timing:
[   145.973] (II) AMDGPU(0): clock: 138.5 MHz   Image Size:  344 x 194 mm
[   145.973] (II) AMDGPU(0): h_active: 1920  h_sync: 1968  h_sync_end 2000 h_blank_end 2080 h_border: 0
[   145.973] (II) AMDGPU(0): v_active: 1080  v_sync: 1083  v_sync_end 1088 v_blanking: 1111 v_border: 0
[   145.973] (II) AMDGPU(0): Supported detailed timing:
[   145.973] (II) AMDGPU(0): clock: 138.5 MHz   Image Size:  344 x 194 mm
[   145.973] (II) AMDGPU(0): h_active: 1920  h_sync: 1968  h_sync_end 2000 h_blank_end 2080 h_border: 0
[   145.973] (II) AMDGPU(0): v_active: 1080  v_sync: 1083  v_sync_end 1088 v_blanking: 1665 v_border: 0
[   145.973] (II) AMDGPU(0): Ranges: V min: 40 V max: 60 Hz, H min: 67 H max: 67 kHz, PixClock max 145 MHz
[   145.973] (II) AMDGPU(0):  LM156LF-CL03
[   145.973] (II) AMDGPU(0): EDID (in hex):
[   145.973] (II) AMDGPU(0): 	00ffffffffffff0038702d0000000000
[   145.973] (II) AMDGPU(0): 	011c010495221378036850985c588e28
[   145.973] (II) AMDGPU(0): 	1b505400000001010101010101010101
[   145.973] (II) AMDGPU(0): 	0101010101011a3680a070381f403020
[   145.973] (II) AMDGPU(0): 	350058c21000001a1a3680a070384942
[   145.973] (II) AMDGPU(0): 	3020350058c21000001a000000fd0028
[   145.973] (II) AMDGPU(0): 	3c43430e010a202020202020000000fe
[   145.973] (II) AMDGPU(0): 	004c4d3135364c462d434c30330a00e7
[   145.973] (II) AMDGPU(0): Printing probed modes for output eDP
[   145.973] (II) AMDGPU(0): Modeline "1920x1080"x59.9  138.50  1920 1968 2000 2080  1080 1083 1088 1111 +hsync -vsync (66.6 kHz eP)
[   145.973] (II) AMDGPU(0): Modeline "1920x1080"x40.0  138.50  1920 1968 2000 2080  1080 1083 1088 1665 +hsync -vsync (66.6 kHz e)
[   145.973] (II) AMDGPU(0): Modeline "1680x1050"x59.9  138.50  1680 1968 2000 2080  1050 1083 1088 1111 +hsync -vsync (66.6 kHz e)
[   145.973] (II) AMDGPU(0): Modeline "1280x1024"x59.9  138.50  1280 1968 2000 2080  1024 1083 1088 1111 +hsync -vsync (66.6 kHz e)
[   145.973] (II) AMDGPU(0): Modeline "1440x900"x59.9  138.50  1440 1968 2000 2080  900 1083 1088 1111 +hsync -vsync (66.6 kHz e)
[   145.973] (II) AMDGPU(0): Modeline "1280x800"x59.9  138.50  1280 1968 2000 2080  800 1083 1088 1111 +hsync -vsync (66.6 kHz e)
[   145.973] (II) AMDGPU(0): Modeline "1280x720"x59.9  138.50  1280 1968 2000 2080  720 1083 1088 1111 +hsync -vsync (66.6 kHz e)
[   145.973] (II) AMDGPU(0): Modeline "1024x768"x59.9  138.50  1024 1968 2000 2080  768 1083 1088 1111 +hsync -vsync (66.6 kHz e)
[   145.973] (II) AMDGPU(0): Modeline "800x600"x59.9  138.50  800 1968 2000 2080  600 1083 1088 1111 +hsync -vsync (66.6 kHz e)
[   145.973] (II) AMDGPU(0): Modeline "640x480"x59.9  138.50  640 1968 2000 2080  480 1083 1088 1111 +hsync -vsync (66.6 kHz e)
[   145.973] (II) AMDGPU(0): Output eDP connected
[   145.973] (II) AMDGPU(0): Using exact sizes for initial modes
[   145.973] (II) AMDGPU(0): Output eDP using initial mode 1920x1080 +0+0
[   145.973] (II) AMDGPU(0): mem size init: gart size :bf6ca000 vram size: s:7e40b000 visible:7e40b000
[   145.973] (==) AMDGPU(0): DPI set to (96, 96)
[   145.973] (==) AMDGPU(0): Using gamma correction (1.0, 1.0, 1.0)
[   145.973] (II) Loading sub module "ramdac"
[   145.973] (II) LoadModule: "ramdac"
[   145.973] (II) Module "ramdac" already built-in
[   145.973] (II) UnloadModule: "modesetting"
[   145.973] (II) Unloading modesetting
[   145.973] (II) AMDGPU(0): [DRI2] Setup complete
[   145.973] (II) AMDGPU(0): [DRI2]   DRI driver: radeonsi
[   145.973] (II) AMDGPU(0): [DRI2]   VDPAU driver: radeonsi
[   146.027] (II) AMDGPU(0): Front buffer pitch: 7680 bytes
[   146.027] (II) AMDGPU(0): SYNC extension fences enabled
[   146.027] (II) AMDGPU(0): Present extension enabled
[   146.027] (==) AMDGPU(0): DRI3 enabled
[   146.027] (==) AMDGPU(0): Backing store enabled
[   146.027] (II) AMDGPU(0): Direct rendering enabled
[   147.042] (II) AMDGPU(0): Use GLAMOR acceleration.
[   147.042] (II) AMDGPU(0): Acceleration enabled
[   147.042] (==) AMDGPU(0): DPMS enabled
[   147.042] (==) AMDGPU(0): Silken mouse disabled
[   147.042] (II) AMDGPU(0): Set up textured video (glamor)
[   147.057] (II) Initializing extension Generic Event Extension
[   147.057] (II) Initializing extension SHAPE
[   147.058] (II) Initializing extension MIT-SHM
[   147.058] (II) Initializing extension XInputExtension
[   147.058] (II) Initializing extension XTEST
[   147.058] (II) Initializing extension BIG-REQUESTS
[   147.058] (II) Initializing extension SYNC
[   147.058] (II) Initializing extension XKEYBOARD
[   147.058] (II) Initializing extension XC-MISC
[   147.058] (II) Initializing extension SECURITY
[   147.058] (II) Initializing extension XFIXES
[   147.058] (II) Initializing extension RENDER
[   147.058] (II) Initializing extension RANDR
[   147.058] (II) Initializing extension COMPOSITE
[   147.058] (II) Initializing extension DAMAGE
[   147.058] (II) Initializing extension MIT-SCREEN-SAVER
[   147.058] (II) Initializing extension DOUBLE-BUFFER
[   147.058] (II) Initializing extension RECORD
[   147.058] (II) Initializing extension DPMS
[   147.058] (II) Initializing extension Present
[   147.058] (II) Initializing extension DRI3
[   147.058] (II) Initializing extension X-Resource
[   147.058] (II) Initializing extension XVideo
[   147.058] (II) Initializing extension XVideo-MotionCompensation
[   147.058] (II) Initializing extension GLX
[   147.068] (II) AIGLX: Loaded and initialized radeonsi
[   147.068] (II) GLX: Initialized DRI2 GL provider for screen 0
[   147.068] (II) Initializing extension XFree86-VidModeExtension
[   147.068] (II) Initializing extension XFree86-DGA
[   147.068] (II) Initializing extension XFree86-DRI
[   147.068] (II) Initializing extension DRI2
[   147.071] (II) AMDGPU(0): Setting screen physical size to 508 x 285
[   147.981] (II) config/udev: Adding input device Power Button (/dev/input/event3)
[   147.982] (**) Power Button: Applying InputClass "libinput keyboard catchall"
[   147.982] (II) LoadModule: "libinput"
[   147.982] (II) Loading /usr/lib/xorg/modules/input/libinput_drv.so
[   148.174] (II) Module libinput: vendor="X.Org Foundation"
[   148.174] 	compiled for 1.20.8, module version = 0.30.0
[   148.174] 	Module class: X.Org XInput Driver
[   148.174] 	ABI class: X.Org XInput driver, version 24.1
[   148.174] (II) Using input driver 'libinput' for 'Power Button'
[   148.175] (II) systemd-logind: got fd for /dev/input/event3 13:67 fd 19 paused 0
[   148.175] (**) Power Button: always reports core events
[   148.175] (**) Option "Device" "/dev/input/event3"
[   148.175] (**) Option "_source" "server/udev"
[   148.196] (II) event3  - Power Button: is tagged by udev as: Keyboard
[   148.196] (II) event3  - Power Button: device is a keyboard
[   148.196] (II) event3  - Power Button: device removed
[   148.196] (**) Option "config_info" "udev:/sys/devices/LNXSYSTM:00/LNXPWRBN:00/input/input3/event3"
[   148.196] (II) XINPUT: Adding extended input device "Power Button" (type: KEYBOARD, id 6)
[   148.198] (II) event3  - Power Button: is tagged by udev as: Keyboard
[   148.198] (II) event3  - Power Button: device is a keyboard
[   148.199] (II) config/udev: Adding input device Asus Wireless Radio Control (/dev/input/event6)
[   148.199] (**) Asus Wireless Radio Control: Applying InputClass "libinput keyboard catchall"
[   148.199] (II) Using input driver 'libinput' for 'Asus Wireless Radio Control'
[   148.201] (II) systemd-logind: got fd for /dev/input/event6 13:70 fd 22 paused 0
[   148.201] (**) Asus Wireless Radio Control: always reports core events
[   148.201] (**) Option "Device" "/dev/input/event6"
[   148.201] (**) Option "_source" "server/udev"
[   148.203] (II) event6  - Asus Wireless Radio Control: is tagged by udev as: Keyboard
[   148.203] (II) event6  - Asus Wireless Radio Control: device is a keyboard
[   148.203] (II) event6  - Asus Wireless Radio Control: device removed
[   148.203] (**) Option "config_info" "udev:/sys/devices/LNXSYSTM:00/LNXSYBUS:00/ATK4002:00/input/input15/event6"
[   148.203] (II) XINPUT: Adding extended input device "Asus Wireless Radio Control" (type: KEYBOARD, id 7)
[   148.205] (II) event6  - Asus Wireless Radio Control: is tagged by udev as: Keyboard
[   148.205] (II) event6  - Asus Wireless Radio Control: device is a keyboard
[   148.207] (II) config/udev: Adding input device Video Bus (/dev/input/event7)
[   148.207] (**) Video Bus: Applying InputClass "libinput keyboard catchall"
[   148.207] (II) Using input driver 'libinput' for 'Video Bus'
[   148.208] (II) systemd-logind: got fd for /dev/input/event7 13:71 fd 23 paused 0
[   148.208] (**) Video Bus: always reports core events
[   148.208] (**) Option "Device" "/dev/input/event7"
[   148.208] (**) Option "_source" "server/udev"
[   148.211] (II) event7  - Video Bus: is tagged by udev as: Keyboard
[   148.211] (II) event7  - Video Bus: device is a keyboard
[   148.211] (II) event7  - Video Bus: device removed
[   148.211] (**) Option "config_info" "udev:/sys/devices/LNXSYSTM:00/LNXSYBUS:00/PNP0A08:00/device:1c/LNXVIDEO:01/input/input16/event7"
[   148.211] (II) XINPUT: Adding extended input device "Video Bus" (type: KEYBOARD, id 8)
[   148.214] (II) event7  - Video Bus: is tagged by udev as: Keyboard
[   148.214] (II) event7  - Video Bus: device is a keyboard
[   148.215] (II) config/udev: Adding input device Power Button (/dev/input/event0)
[   148.216] (**) Power Button: Applying InputClass "libinput keyboard catchall"
[   148.216] (II) Using input driver 'libinput' for 'Power Button'
[   148.217] (II) systemd-logind: got fd for /dev/input/event0 13:64 fd 24 paused 0
[   148.217] (**) Power Button: always reports core events
[   148.217] (**) Option "Device" "/dev/input/event0"
[   148.217] (**) Option "_source" "server/udev"
[   148.219] (II) event0  - Power Button: is tagged by udev as: Keyboard
[   148.219] (II) event0  - Power Button: device is a keyboard
[   148.219] (II) event0  - Power Button: device removed
[   148.219] (**) Option "config_info" "udev:/sys/devices/LNXSYSTM:00/LNXSYBUS:00/PNP0C0C:00/input/input0/event0"
[   148.219] (II) XINPUT: Adding extended input device "Power Button" (type: KEYBOARD, id 9)
[   148.222] (II) event0  - Power Button: is tagged by udev as: Keyboard
[   148.222] (II) event0  - Power Button: device is a keyboard
[   148.223] (II) config/udev: Adding input device Lid Switch (/dev/input/event1)
[   148.223] (II) No input driver specified, ignoring this device.
[   148.223] (II) This device may have been added with another device file.
[   148.224] (II) config/udev: Adding input device Sleep Button (/dev/input/event2)
[   148.224] (**) Sleep Button: Applying InputClass "libinput keyboard catchall"
[   148.224] (II) Using input driver 'libinput' for 'Sleep Button'
[   148.225] (II) systemd-logind: got fd for /dev/input/event2 13:66 fd 25 paused 0
[   148.226] (**) Sleep Button: always reports core events
[   148.226] (**) Option "Device" "/dev/input/event2"
[   148.226] (**) Option "_source" "server/udev"
[   148.227] (II) event2  - Sleep Button: is tagged by udev as: Keyboard
[   148.228] (II) event2  - Sleep Button: device is a keyboard
[   148.228] (II) event2  - Sleep Button: device removed
[   148.228] (**) Option "config_info" "udev:/sys/devices/LNXSYSTM:00/LNXSYBUS:00/PNP0C0E:00/input/input2/event2"
[   148.228] (II) XINPUT: Adding extended input device "Sleep Button" (type: KEYBOARD, id 10)
[   148.230] (II) event2  - Sleep Button: is tagged by udev as: Keyboard
[   148.230] (II) event2  - Sleep Button: device is a keyboard
[   148.231] (II) config/udev: Adding drm device (/dev/dri/card0)
[   148.231] (II) xfree86: Adding drm device (/dev/dri/card0)
[   148.232] (EE) systemd-logind: failed to take device /dev/dri/card0: Invalid argument
[   148.233] (II) config/udev: Adding input device HDA NVidia HDMI/DP,pcm=3 (/dev/input/event12)
[   148.233] (II) No input driver specified, ignoring this device.
[   148.233] (II) This device may have been added with another device file.
[   148.234] (II) config/udev: Adding input device HDA NVidia HDMI/DP,pcm=7 (/dev/input/event13)
[   148.234] (II) No input driver specified, ignoring this device.
[   148.234] (II) This device may have been added with another device file.
[   148.235] (II) config/udev: Adding input device HDA NVidia HDMI/DP,pcm=8 (/dev/input/event14)
[   148.235] (II) No input driver specified, ignoring this device.
[   148.235] (II) This device may have been added with another device file.
[   148.236] (II) config/udev: Adding input device HDA NVidia HDMI/DP,pcm=9 (/dev/input/event15)
[   148.236] (II) No input driver specified, ignoring this device.
[   148.236] (II) This device may have been added with another device file.
[   148.238] (II) config/udev: Adding input device USB2.0 HD UVC WebCam: USB2.0 HD (/dev/input/event18)
[   148.238] (**) USB2.0 HD UVC WebCam: USB2.0 HD: Applying InputClass "libinput keyboard catchall"
[   148.238] (II) Using input driver 'libinput' for 'USB2.0 HD UVC WebCam: USB2.0 HD'
[   148.239] (II) systemd-logind: got fd for /dev/input/event18 13:82 fd 26 paused 0
[   148.239] (**) USB2.0 HD UVC WebCam: USB2.0 HD: always reports core events
[   148.239] (**) Option "Device" "/dev/input/event18"
[   148.239] (**) Option "_source" "server/udev"
[   148.242] (II) event18 - USB2.0 HD UVC WebCam: USB2.0 HD: is tagged by udev as: Keyboard
[   148.242] (II) event18 - USB2.0 HD UVC WebCam: USB2.0 HD: device is a keyboard
[   148.243] (II) event18 - USB2.0 HD UVC WebCam: USB2.0 HD: device removed
[   148.243] (**) Option "config_info" "udev:/sys/devices/pci0000:00/0000:00:08.1/0000:05:00.4/usb3/3-1/3-1:1.0/input/input29/event18"
[   148.243] (II) XINPUT: Adding extended input device "USB2.0 HD UVC WebCam: USB2.0 HD" (type: KEYBOARD, id 11)
[   148.246] (II) event18 - USB2.0 HD UVC WebCam: USB2.0 HD: is tagged by udev as: Keyboard
[   148.246] (II) event18 - USB2.0 HD UVC WebCam: USB2.0 HD: device is a keyboard
[   148.248] (II) config/udev: Adding input device Logitech Wireless Mouse (/dev/input/event5)
[   148.248] (**) Logitech Wireless Mouse: Applying InputClass "libinput pointer catchall"
[   148.248] (II) Using input driver 'libinput' for 'Logitech Wireless Mouse'
[   148.249] (II) systemd-logind: got fd for /dev/input/event5 13:69 fd 27 paused 0
[   148.249] (**) Logitech Wireless Mouse: always reports core events
[   148.249] (**) Option "Device" "/dev/input/event5"
[   148.249] (**) Option "_source" "server/udev"
[   148.253] (II) event5  - Logitech Wireless Mouse: is tagged by udev as: Mouse
[   148.253] (II) event5  - Logitech Wireless Mouse: device is a pointer
[   148.254] (II) event5  - Logitech Wireless Mouse: device removed
[   148.254] (**) Option "config_info" "udev:/sys/devices/pci0000:00/0000:00:08.1/0000:05:00.4/usb3/3-2/3-2:1.2/0003:046D:C52B.0003/0003:046D:4055.0004/input/input14/event5"
[   148.254] (II) XINPUT: Adding extended input device "Logitech Wireless Mouse" (type: MOUSE, id 12)
[   148.254] (**) Option "AccelerationScheme" "none"
[   148.254] (**) Logitech Wireless Mouse: (accel) selected scheme none/0
[   148.254] (**) Logitech Wireless Mouse: (accel) acceleration factor: 2.000
[   148.254] (**) Logitech Wireless Mouse: (accel) acceleration threshold: 4
[   148.258] (II) event5  - Logitech Wireless Mouse: is tagged by udev as: Mouse
[   148.258] (II) event5  - Logitech Wireless Mouse: device is a pointer
[   148.260] (II) config/udev: Adding input device Logitech Wireless Mouse (/dev/input/mouse0)
[   148.260] (II) No input driver specified, ignoring this device.
[   148.260] (II) This device may have been added with another device file.
[   148.261] (II) config/udev: Adding input device HD-Audio Generic Headset Mic (/dev/input/event16)
[   148.261] (II) No input driver specified, ignoring this device.
[   148.261] (II) This device may have been added with another device file.
[   148.262] (II) config/udev: Adding input device HD-Audio Generic Front Headphone (/dev/input/event17)
[   148.262] (II) No input driver specified, ignoring this device.
[   148.262] (II) This device may have been added with another device file.
[   148.263] (II) config/udev: Adding input device ELAN1200:00 04F3:30BA Mouse (/dev/input/event8)
[   148.263] (**) ELAN1200:00 04F3:30BA Mouse: Applying InputClass "libinput pointer catchall"
[   148.263] (II) Using input driver 'libinput' for 'ELAN1200:00 04F3:30BA Mouse'
[   148.264] (II) systemd-logind: got fd for /dev/input/event8 13:72 fd 28 paused 0
[   148.264] (**) ELAN1200:00 04F3:30BA Mouse: always reports core events
[   148.264] (**) Option "Device" "/dev/input/event8"
[   148.264] (**) Option "_source" "server/udev"
[   148.267] (II) event8  - ELAN1200:00 04F3:30BA Mouse: is tagged by udev as: Mouse Pointingstick
[   148.267] (II) event8  - ELAN1200:00 04F3:30BA Mouse: device is a pointer
[   148.269] (II) event8  - ELAN1200:00 04F3:30BA Mouse: device removed
[   148.269] (**) Option "config_info" "udev:/sys/devices/platform/AMDI0010:01/i2c-0/i2c-ELAN1200:00/0018:04F3:30BA.0005/input/input20/event8"
[   148.269] (II) XINPUT: Adding extended input device "ELAN1200:00 04F3:30BA Mouse" (type: MOUSE, id 13)
[   148.269] (**) Option "AccelerationScheme" "none"
[   148.269] (**) ELAN1200:00 04F3:30BA Mouse: (accel) selected scheme none/0
[   148.269] (**) ELAN1200:00 04F3:30BA Mouse: (accel) acceleration factor: 2.000
[   148.269] (**) ELAN1200:00 04F3:30BA Mouse: (accel) acceleration threshold: 4
[   148.271] (II) event8  - ELAN1200:00 04F3:30BA Mouse: is tagged by udev as: Mouse Pointingstick
[   148.272] (II) event8  - ELAN1200:00 04F3:30BA Mouse: device is a pointer
[   148.274] (II) config/udev: Adding input device ELAN1200:00 04F3:30BA Mouse (/dev/input/mouse1)
[   148.274] (II) No input driver specified, ignoring this device.
[   148.274] (II) This device may have been added with another device file.
[   148.275] (II) config/udev: Adding input device ELAN1200:00 04F3:30BA Touchpad (/dev/input/event9)
[   148.275] (**) ELAN1200:00 04F3:30BA Touchpad: Applying InputClass "libinput touchpad catchall"
[   148.275] (**) ELAN1200:00 04F3:30BA Touchpad: Applying InputClass "touchpad"
[   148.275] (II) Using input driver 'libinput' for 'ELAN1200:00 04F3:30BA Touchpad'
[   148.277] (II) systemd-logind: got fd for /dev/input/event9 13:73 fd 29 paused 0
[   148.277] (**) ELAN1200:00 04F3:30BA Touchpad: always reports core events
[   148.277] (**) Option "Device" "/dev/input/event9"
[   148.277] (**) Option "_source" "server/udev"
[   148.279] (II) event9  - ELAN1200:00 04F3:30BA Touchpad: is tagged by udev as: Touchpad
[   148.282] (II) event9  - ELAN1200:00 04F3:30BA Touchpad: device is a touchpad
[   148.282] (II) event9  - ELAN1200:00 04F3:30BA Touchpad: device removed
[   148.282] (**) Option "Tapping" "on"
[   148.282] (**) Option "NaturalScrolling" "true"
[   148.282] (**) Option "ScrollMethod" "edge"
[   148.282] (**) Option "config_info" "udev:/sys/devices/platform/AMDI0010:01/i2c-0/i2c-ELAN1200:00/0018:04F3:30BA.0005/input/input21/event9"
[   148.282] (II) XINPUT: Adding extended input device "ELAN1200:00 04F3:30BA Touchpad" (type: TOUCHPAD, id 14)
[   148.285] (**) Option "AccelerationScheme" "none"
[   148.285] (**) ELAN1200:00 04F3:30BA Touchpad: (accel) selected scheme none/0
[   148.285] (**) Option "AccelerationNumerator" "2"
[   148.285] (**) Option "AccelerationDenominator" "1"
[   148.285] (**) Option "AccelerationThreshold" "4"
[   148.285] (**) ELAN1200:00 04F3:30BA Touchpad: (accel) acceleration factor: 2.000
[   148.285] (**) ELAN1200:00 04F3:30BA Touchpad: (accel) acceleration threshold: 4
[   148.287] (II) event9  - ELAN1200:00 04F3:30BA Touchpad: is tagged by udev as: Touchpad
[   148.290] (II) event9  - ELAN1200:00 04F3:30BA Touchpad: device is a touchpad
[   148.291] (II) config/udev: Adding input device ELAN1200:00 04F3:30BA Touchpad (/dev/input/mouse2)
[   148.291] (**) ELAN1200:00 04F3:30BA Touchpad: Applying InputClass "touchpad"
[   148.291] (II) Using input driver 'libinput' for 'ELAN1200:00 04F3:30BA Touchpad'
[   148.291] (**) ELAN1200:00 04F3:30BA Touchpad: always reports core events
[   148.291] (**) Option "Device" "/dev/input/mouse2"
[   148.291] (**) Option "_source" "server/udev"
[   148.292] (EE) xf86OpenSerial: Cannot open device /dev/input/mouse2
	Permission denied.
[   148.292] (II) mouse2: opening input device '/dev/input/mouse2' failed (Permission denied).
[   148.292] (II) mouse2  - failed to create input device '/dev/input/mouse2'.
[   148.292] (EE) libinput: ELAN1200:00 04F3:30BA Touchpad: Failed to create a device for /dev/input/mouse2
[   148.292] (EE) PreInit returned 2 for "ELAN1200:00 04F3:30BA Touchpad"
[   148.292] (II) UnloadModule: "libinput"
[   148.292] (II) config/udev: Adding input device Asus WMI hotkeys (/dev/input/event11)
[   148.292] (**) Asus WMI hotkeys: Applying InputClass "libinput keyboard catchall"
[   148.292] (II) Using input driver 'libinput' for 'Asus WMI hotkeys'
[   148.294] (II) systemd-logind: got fd for /dev/input/event11 13:75 fd 30 paused 0
[   148.294] (**) Asus WMI hotkeys: always reports core events
[   148.294] (**) Option "Device" "/dev/input/event11"
[   148.294] (**) Option "_source" "server/udev"
[   148.295] (II) event11 - Asus WMI hotkeys: is tagged by udev as: Keyboard
[   148.295] (II) event11 - Asus WMI hotkeys: device is a keyboard
[   148.295] (II) event11 - Asus WMI hotkeys: device removed
[   148.295] (**) Option "config_info" "udev:/sys/devices/platform/asus-nb-wmi/input/input22/event11"
[   148.295] (II) XINPUT: Adding extended input device "Asus WMI hotkeys" (type: KEYBOARD, id 15)
[   148.296] (II) event11 - Asus WMI hotkeys: is tagged by udev as: Keyboard
[   148.296] (II) event11 - Asus WMI hotkeys: device is a keyboard
[   148.297] (II) config/udev: Adding input device AT Translated Set 2 keyboard (/dev/input/event4)
[   148.297] (**) AT Translated Set 2 keyboard: Applying InputClass "libinput keyboard catchall"
[   148.297] (II) Using input driver 'libinput' for 'AT Translated Set 2 keyboard'
[   148.299] (II) systemd-logind: got fd for /dev/input/event4 13:68 fd 31 paused 0
[   148.299] (**) AT Translated Set 2 keyboard: always reports core events
[   148.299] (**) Option "Device" "/dev/input/event4"
[   148.299] (**) Option "_source" "server/udev"
[   148.300] (II) event4  - AT Translated Set 2 keyboard: is tagged by udev as: Keyboard
[   148.300] (II) event4  - AT Translated Set 2 keyboard: device is a keyboard
[   148.301] (II) event4  - AT Translated Set 2 keyboard: device removed
[   148.301] (**) Option "config_info" "udev:/sys/devices/platform/i8042/serio0/input/input4/event4"
[   148.301] (II) XINPUT: Adding extended input device "AT Translated Set 2 keyboard" (type: KEYBOARD, id 16)
[   148.302] (II) event4  - AT Translated Set 2 keyboard: is tagged by udev as: Keyboard
[   148.302] (II) event4  - AT Translated Set 2 keyboard: device is a keyboard
[   148.304] (II) config/udev: Adding input device PC Speaker (/dev/input/event10)
[   148.304] (II) No input driver specified, ignoring this device.
[   148.304] (II) This device may have been added with another device file.
[   149.716] (II) AMDGPU(0): EDID vendor "NCP", prod id 45
[   149.716] (II) AMDGPU(0): Using EDID range info for horizontal sync
[   149.716] (II) AMDGPU(0): Using EDID range info for vertical refresh
[   149.716] (II) AMDGPU(0): Printing DDC gathered Modelines:
[   149.716] (II) AMDGPU(0): Modeline "1920x1080"x0.0  138.50  1920 1968 2000 2080  1080 1083 1088 1111 +hsync -vsync (66.6 kHz eP)
[   149.716] (II) AMDGPU(0): Modeline "1920x1080"x0.0  138.50  1920 1968 2000 2080  1080 1083 1088 1665 +hsync -vsync (66.6 kHz e)
[   220.403] (EE) event9  - ELAN1200:00 04F3:30BA Touchpad: client bug: event processing lagging behind by 14ms, your system is too slow
[  1290.108] (EE) event5  - Logitech Wireless Mouse: client bug: event processing lagging behind by 16ms, your system is too slow
[  2259.352] (EE) event5  - Logitech Wireless Mouse: client bug: event processing lagging behind by 16ms, your system is too slow
[  2420.045] (EE) event5  - Logitech Wireless Mouse: client bug: event processing lagging behind by 12ms, your system is too slow
[  2610.903] (EE) event5  - Logitech Wireless Mouse: client bug: event processing lagging behind by 15ms, your system is too slow
[  2698.155] (II) AMDGPU(0): EDID vendor "NCP", prod id 45
[  2698.155] (II) AMDGPU(0): Using hsync ranges from config file
[  2698.155] (II) AMDGPU(0): Using vrefresh ranges from config file
[  2698.155] (II) AMDGPU(0): Printing DDC gathered Modelines:
[  2698.155] (II) AMDGPU(0): Modeline "1920x1080"x0.0  138.50  1920 1968 2000 2080  1080 1083 1088 1111 +hsync -vsync (66.6 kHz eP)
[  2698.155] (II) AMDGPU(0): Modeline "1920x1080"x0.0  138.50  1920 1968 2000 2080  1080 1083 1088 1665 +hsync -vsync (66.6 kHz e)
[  2698.156] (II) AMDGPU(0): EDID vendor "NCP", prod id 45
[  2698.156] (II) AMDGPU(0): Using hsync ranges from config file
[  2698.156] (II) AMDGPU(0): Using vrefresh ranges from config file
[  2698.156] (II) AMDGPU(0): Printing DDC gathered Modelines:
[  2698.156] (II) AMDGPU(0): Modeline "1920x1080"x0.0  138.50  1920 1968 2000 2080  1080 1083 1088 1111 +hsync -vsync (66.6 kHz eP)
[  2698.156] (II) AMDGPU(0): Modeline "1920x1080"x0.0  138.50  1920 1968 2000 2080  1080 1083 1088 1665 +hsync -vsync (66.6 kHz e)
[  2768.595] (II) AMDGPU(0): EDID vendor "NCP", prod id 45
[  2768.595] (II) AMDGPU(0): Using hsync ranges from config file
[  2768.595] (II) AMDGPU(0): Using vrefresh ranges from config file
[  2768.595] (II) AMDGPU(0): Printing DDC gathered Modelines:
[  2768.595] (II) AMDGPU(0): Modeline "1920x1080"x0.0  138.50  1920 1968 2000 2080  1080 1083 1088 1111 +hsync -vsync (66.6 kHz eP)
[  2768.595] (II) AMDGPU(0): Modeline "1920x1080"x0.0  138.50  1920 1968 2000 2080  1080 1083 1088 1665 +hsync -vsync (66.6 kHz e)
[  2768.598] (II) AMDGPU(0): EDID vendor "NCP", prod id 45
[  2768.598] (II) AMDGPU(0): Using hsync ranges from config file
[  2768.598] (II) AMDGPU(0): Using vrefresh ranges from config file
[  2768.598] (II) AMDGPU(0): Printing DDC gathered Modelines:
[  2768.598] (II) AMDGPU(0): Modeline "1920x1080"x0.0  138.50  1920 1968 2000 2080  1080 1083 1088 1111 +hsync -vsync (66.6 kHz eP)
[  2768.598] (II) AMDGPU(0): Modeline "1920x1080"x0.0  138.50  1920 1968 2000 2080  1080 1083 1088 1665 +hsync -vsync (66.6 kHz e)
[  2768.601] (II) AMDGPU(0): EDID vendor "NCP", prod id 45
[  2768.601] (II) AMDGPU(0): Using hsync ranges from config file
[  2768.602] (II) AMDGPU(0): Using vrefresh ranges from config file
[  2768.602] (II) AMDGPU(0): Printing DDC gathered Modelines:
[  2768.602] (II) AMDGPU(0): Modeline "1920x1080"x0.0  138.50  1920 1968 2000 2080  1080 1083 1088 1111 +hsync -vsync (66.6 kHz eP)
[  2768.602] (II) AMDGPU(0): Modeline "1920x1080"x0.0  138.50  1920 1968 2000 2080  1080 1083 1088 1665 +hsync -vsync (66.6 kHz e)
[  2768.605] (II) AMDGPU(0): EDID vendor "NCP", prod id 45
[  2768.605] (II) AMDGPU(0): Using hsync ranges from config file
[  2768.605] (II) AMDGPU(0): Using vrefresh ranges from config file
[  2768.605] (II) AMDGPU(0): Printing DDC gathered Modelines:
[  2768.605] (II) AMDGPU(0): Modeline "1920x1080"x0.0  138.50  1920 1968 2000 2080  1080 1083 1088 1111 +hsync -vsync (66.6 kHz eP)
[  2768.605] (II) AMDGPU(0): Modeline "1920x1080"x0.0  138.50  1920 1968 2000 2080  1080 1083 1088 1665 +hsync -vsync (66.6 kHz e)
[  2768.608] (II) AMDGPU(0): EDID vendor "NCP", prod id 45
[  2768.608] (II) AMDGPU(0): Using hsync ranges from config file
[  2768.608] (II) AMDGPU(0): Using vrefresh ranges from config file
[  2768.608] (II) AMDGPU(0): Printing DDC gathered Modelines:
[  2768.608] (II) AMDGPU(0): Modeline "1920x1080"x0.0  138.50  1920 1968 2000 2080  1080 1083 1088 1111 +hsync -vsync (66.6 kHz eP)
[  2768.608] (II) AMDGPU(0): Modeline "1920x1080"x0.0  138.50  1920 1968 2000 2080  1080 1083 1088 1665 +hsync -vsync (66.6 kHz e)
[  2768.617] (II) AMDGPU(0): EDID vendor "NCP", prod id 45
[  2768.617] (II) AMDGPU(0): Using hsync ranges from config file
[  2768.617] (II) AMDGPU(0): Using vrefresh ranges from config file
[  2768.617] (II) AMDGPU(0): Printing DDC gathered Modelines:
[  2768.617] (II) AMDGPU(0): Modeline "1920x1080"x0.0  138.50  1920 1968 2000 2080  1080 1083 1088 1111 +hsync -vsync (66.6 kHz eP)
[  2768.617] (II) AMDGPU(0): Modeline "1920x1080"x0.0  138.50  1920 1968 2000 2080  1080 1083 1088 1665 +hsync -vsync (66.6 kHz e)
[  2768.620] (II) AMDGPU(0): EDID vendor "NCP", prod id 45
[  2768.620] (II) AMDGPU(0): Using hsync ranges from config file
[  2768.620] (II) AMDGPU(0): Using vrefresh ranges from config file
[  2768.620] (II) AMDGPU(0): Printing DDC gathered Modelines:
[  2768.620] (II) AMDGPU(0): Modeline "1920x1080"x0.0  138.50  1920 1968 2000 2080  1080 1083 1088 1111 +hsync -vsync (66.6 kHz eP)
[  2768.620] (II) AMDGPU(0): Modeline "1920x1080"x0.0  138.50  1920 1968 2000 2080  1080 1083 1088 1665 +hsync -vsync (66.6 kHz e)
[  2768.628] (II) AMDGPU(0): EDID vendor "NCP", prod id 45
[  2768.628] (II) AMDGPU(0): Using hsync ranges from config file
[  2768.628] (II) AMDGPU(0): Using vrefresh ranges from config file
[  2768.628] (II) AMDGPU(0): Printing DDC gathered Modelines:
[  2768.628] (II) AMDGPU(0): Modeline "1920x1080"x0.0  138.50  1920 1968 2000 2080  1080 1083 1088 1111 +hsync -vsync (66.6 kHz eP)
[  2768.628] (II) AMDGPU(0): Modeline "1920x1080"x0.0  138.50  1920 1968 2000 2080  1080 1083 1088 1665 +hsync -vsync (66.6 kHz e)
[  2768.631] (II) AMDGPU(0): EDID vendor "NCP", prod id 45
[  2768.631] (II) AMDGPU(0): Using hsync ranges from config file
[  2768.631] (II) AMDGPU(0): Using vrefresh ranges from config file
[  2768.631] (II) AMDGPU(0): Printing DDC gathered Modelines:
[  2768.631] (II) AMDGPU(0): Modeline "1920x1080"x0.0  138.50  1920 1968 2000 2080  1080 1083 1088 1111 +hsync -vsync (66.6 kHz eP)
[  2768.631] (II) AMDGPU(0): Modeline "1920x1080"x0.0  138.50  1920 1968 2000 2080  1080 1083 1088 1665 +hsync -vsync (66.6 kHz e)
[  2807.399] (II) AMDGPU(0): EDID vendor "NCP", prod id 45
[  2807.399] (II) AMDGPU(0): Using hsync ranges from config file
[  2807.399] (II) AMDGPU(0): Using vrefresh ranges from config file
[  2807.399] (II) AMDGPU(0): Printing DDC gathered Modelines:
[  2807.399] (II) AMDGPU(0): Modeline "1920x1080"x0.0  138.50  1920 1968 2000 2080  1080 1083 1088 1111 +hsync -vsync (66.6 kHz eP)
[  2807.399] (II) AMDGPU(0): Modeline "1920x1080"x0.0  138.50  1920 1968 2000 2080  1080 1083 1088 1665 +hsync -vsync (66.6 kHz e)
[  2807.401] (II) AMDGPU(0): EDID vendor "NCP", prod id 45
[  2807.401] (II) AMDGPU(0): Using hsync ranges from config file
[  2807.401] (II) AMDGPU(0): Using vrefresh ranges from config file
[  2807.401] (II) AMDGPU(0): Printing DDC gathered Modelines:
[  2807.401] (II) AMDGPU(0): Modeline "1920x1080"x0.0  138.50  1920 1968 2000 2080  1080 1083 1088 1111 +hsync -vsync (66.6 kHz eP)
[  2807.401] (II) AMDGPU(0): Modeline "1920x1080"x0.0  138.50  1920 1968 2000 2080  1080 1083 1088 1665 +hsync -vsync (66.6 kHz e)
[  2812.547] (II) AMDGPU(0): EDID vendor "NCP", prod id 45
[  2812.547] (II) AMDGPU(0): Using hsync ranges from config file
[  2812.547] (II) AMDGPU(0): Using vrefresh ranges from config file
[  2812.547] (II) AMDGPU(0): Printing DDC gathered Modelines:
[  2812.547] (II) AMDGPU(0): Modeline "1920x1080"x0.0  138.50  1920 1968 2000 2080  1080 1083 1088 1111 +hsync -vsync (66.6 kHz eP)
[  2812.547] (II) AMDGPU(0): Modeline "1920x1080"x0.0  138.50  1920 1968 2000 2080  1080 1083 1088 1665 +hsync -vsync (66.6 kHz e)
[  2812.550] (II) AMDGPU(0): EDID vendor "NCP", prod id 45
[  2812.551] (II) AMDGPU(0): Using hsync ranges from config file
[  2812.551] (II) AMDGPU(0): Using vrefresh ranges from config file
[  2812.551] (II) AMDGPU(0): Printing DDC gathered Modelines:
[  2812.551] (II) AMDGPU(0): Modeline "1920x1080"x0.0  138.50  1920 1968 2000 2080  1080 1083 1088 1111 +hsync -vsync (66.6 kHz eP)
[  2812.551] (II) AMDGPU(0): Modeline "1920x1080"x0.0  138.50  1920 1968 2000 2080  1080 1083 1088 1665 +hsync -vsync (66.6 kHz e)
[  2882.084] (EE) event5  - Logitech Wireless Mouse: client bug: event processing lagging behind by 15ms, your system is too slow
[  2882.084] (EE) event5  - Logitech Wireless Mouse: WARNING: log rate limit exceeded (5 msgs per 60min). Discarding future messages.
[  3700.613] (EE) event4  - AT Translated Set 2 keyboard: client bug: event processing lagging behind by 14ms, your system is too slow
[  4991.243] (EE) event9  - ELAN1200:00 04F3:30BA Touchpad: client bug: event processing lagging behind by 12ms, your system is too slow
[  6621.451] (**) Option "fd" "19"
[  6621.452] (II) event3  - Power Button: device removed
[  6621.452] (**) Option "fd" "22"
[  6621.452] (II) event6  - Asus Wireless Radio Control: device removed
[  6621.452] (**) Option "fd" "23"
[  6621.452] (II) event7  - Video Bus: device removed
[  6621.452] (**) Option "fd" "24"
[  6621.452] (II) event0  - Power Button: device removed
[  6621.452] (**) Option "fd" "25"
[  6621.452] (II) event2  - Sleep Button: device removed
[  6621.452] (**) Option "fd" "26"
[  6621.452] (II) event18 - USB2.0 HD UVC WebCam: USB2.0 HD: device removed
[  6621.452] (**) Option "fd" "27"
[  6621.452] (II) event5  - Logitech Wireless Mouse: device removed
[  6621.452] (**) Option "fd" "28"
[  6621.452] (II) event8  - ELAN1200:00 04F3:30BA Mouse: device removed
[  6621.452] (**) Option "fd" "29"
[  6621.452] (II) event9  - ELAN1200:00 04F3:30BA Touchpad: device removed
[  6621.452] (**) Option "fd" "30"
[  6621.452] (II) event11 - Asus WMI hotkeys: device removed
[  6621.452] (**) Option "fd" "31"
[  6621.452] (II) event4  - AT Translated Set 2 keyboard: device removed
[  6621.887] (II) UnloadModule: "libinput"
[  6621.887] (II) systemd-logind: releasing fd for 13:68
[  6621.907] (II) UnloadModule: "libinput"
[  6621.907] (II) systemd-logind: releasing fd for 13:75
[  6621.975] (II) UnloadModule: "libinput"
[  6621.975] (II) systemd-logind: releasing fd for 13:73
[  6622.047] (II) UnloadModule: "libinput"
[  6622.047] (II) systemd-logind: releasing fd for 13:72
[  6622.100] (II) UnloadModule: "libinput"
[  6622.100] (II) systemd-logind: releasing fd for 13:69
[  6622.184] (II) UnloadModule: "libinput"
[  6622.184] (II) systemd-logind: releasing fd for 13:82
[  6622.257] (II) UnloadModule: "libinput"
[  6622.257] (II) systemd-logind: releasing fd for 13:66
[  6622.291] (II) UnloadModule: "libinput"
[  6622.291] (II) systemd-logind: releasing fd for 13:64
[  6622.322] (II) UnloadModule: "libinput"
[  6622.322] (II) systemd-logind: releasing fd for 13:71
[  6622.353] (II) UnloadModule: "libinput"
[  6622.353] (II) systemd-logind: releasing fd for 13:70
[  6622.354] (II) UnloadModule: "libinput"
[  6622.354] (II) systemd-logind: releasing fd for 13:67
[  6622.417] (WW) xf86CloseConsole: KDSETMODE failed: Input/output error
[  6622.417] (WW) xf86CloseConsole: VT_GETMODE failed: Input/output error
[  6622.417] (WW) xf86CloseConsole: VT_ACTIVATE failed: Input/output error
[  6622.417] (II) Server terminated successfully (0). Closing log file.
